android/app/build/intermediates/manifest_merge_blame_file/debug/manifest-merger-blame-debug-report.txt
1<?xml version="1.0" encoding="utf-8"?>
2<manifest xmlns:android="http://schemas.android.com/apk/res/android"
3    package="com.vendor"
4    android:versionCode="1"
5    android:versionName="1.0" >
6
7    <uses-sdk
8        android:minSdkVersion="21"
9        android:targetSdkVersion="30" />
10
11    <uses-permission android:name="android.permission.SYSTEM_ALERT_WINDOW" />
11-->src/debug/AndroidManifest.xml:5:5-77
11-->src/debug/AndroidManifest.xml:5:22-75
12    <uses-permission android:name="android.permission.INTERNET" />
12-->src/main/AndroidManifest.xml:4:5-67
12-->src/main/AndroidManifest.xml:4:22-64
13    <uses-permission android:name="android.permission.ACCESS_WIFI_STATE" />
13-->[com.facebook.flipper:flipper:0.99.0] AndroidManifest.xml:16:5-76
13-->[com.facebook.flipper:flipper:0.99.0] AndroidManifest.xml:16:22-73
14
15    <application
15-->src/main/AndroidManifest.xml:6:5-24:19
16        android:name="com.vendor.MainApplication"
16-->src/main/AndroidManifest.xml:7:7-38
17        android:allowBackup="false"
17-->src/main/AndroidManifest.xml:11:7-34
18        android:appComponentFactory="androidx.core.app.CoreComponentFactory"
18-->[androidx.core:core:1.6.0] AndroidManifest.xml:24:18-86
19        android:debuggable="true"
20        android:icon="@mipmap/ic_launcher"
20-->src/main/AndroidManifest.xml:9:7-41
21        android:label="@string/app_name"
21-->src/main/AndroidManifest.xml:8:7-39
22        android:roundIcon="@mipmap/ic_launcher_round"
22-->src/main/AndroidManifest.xml:10:7-52
23        android:theme="@style/AppTheme"
23-->src/main/AndroidManifest.xml:12:7-38
24        android:usesCleartextTraffic="true" >
24-->src/debug/AndroidManifest.xml:8:9-44
25        <activity android:name="com.facebook.react.devsupport.DevSettingsActivity" />
25-->src/debug/AndroidManifest.xml:11:9-86
25-->src/debug/AndroidManifest.xml:11:19-83
26        <activity
26-->src/main/AndroidManifest.xml:13:7-23:18
27            android:name="com.vendor.MainActivity"
27-->src/main/AndroidManifest.xml:14:9-37
28            android:configChanges="keyboard|keyboardHidden|orientation|screenSize|uiMode"
28-->src/main/AndroidManifest.xml:16:9-86
29            android:label="@string/app_name"
29-->src/main/AndroidManifest.xml:15:9-41
30            android:launchMode="singleTask"
30-->src/main/AndroidManifest.xml:17:9-40
31            android:windowSoftInputMode="adjustResize" >
31-->src/main/AndroidManifest.xml:18:9-51
32            <intent-filter>
32-->src/main/AndroidManifest.xml:19:9-22:25
33                <action android:name="android.intent.action.MAIN" />
33-->src/main/AndroidManifest.xml:20:13-65
33-->src/main/AndroidManifest.xml:20:21-62
34
35                <category android:name="android.intent.category.LAUNCHER" />
35-->src/main/AndroidManifest.xml:21:13-73
35-->src/main/AndroidManifest.xml:21:23-70
36            </intent-filter>
37        </activity>
38
39        <provider
39-->[:react-native-image-picker] AndroidManifest.xml:10:9-18:20
40            android:name="com.imagepicker.ImagePickerProvider"
40-->[:react-native-image-picker] AndroidManifest.xml:11:13-63
41            android:authorities="com.vendor.imagepickerprovider"
41-->[:react-native-image-picker] AndroidManifest.xml:12:13-71
42            android:exported="false"
42-->[:react-native-image-picker] AndroidManifest.xml:13:13-37
43            android:grantUriPermissions="true" >
43-->[:react-native-image-picker] AndroidManifest.xml:14:13-47
44            <meta-data
44-->[:react-native-image-picker] AndroidManifest.xml:15:13-17:70
45                android:name="android.support.FILE_PROVIDER_PATHS"
45-->[:react-native-image-picker] AndroidManifest.xml:16:17-67
46                android:resource="@xml/imagepicker_provider_paths" />
46-->[:react-native-image-picker] AndroidManifest.xml:17:17-67
47        </provider>
48
49        <activity
49-->[com.google.android.gms:play-services-auth:19.2.0] AndroidManifest.xml:23:9-27:75
50            android:name="com.google.android.gms.auth.api.signin.internal.SignInHubActivity"
50-->[com.google.android.gms:play-services-auth:19.2.0] AndroidManifest.xml:24:13-93
51            android:excludeFromRecents="true"
51-->[com.google.android.gms:play-services-auth:19.2.0] AndroidManifest.xml:25:13-46
52            android:exported="false"
52-->[com.google.android.gms:play-services-auth:19.2.0] AndroidManifest.xml:26:13-37
53            android:theme="@android:style/Theme.Translucent.NoTitleBar" />
53-->[com.google.android.gms:play-services-auth:19.2.0] AndroidManifest.xml:27:13-72
54        <!--
55            Service handling Google Sign-In user revocation. For apps that do not integrate with
56            Google Sign-In, this service will never be started.
57        -->
58        <service
58-->[com.google.android.gms:play-services-auth:19.2.0] AndroidManifest.xml:33:9-37:51
59            android:name="com.google.android.gms.auth.api.signin.RevocationBoundService"
59-->[com.google.android.gms:play-services-auth:19.2.0] AndroidManifest.xml:34:13-89
60            android:exported="true"
60-->[com.google.android.gms:play-services-auth:19.2.0] AndroidManifest.xml:35:13-36
61            android:permission="com.google.android.gms.auth.api.signin.permission.REVOCATION_NOTIFICATION"
61-->[com.google.android.gms:play-services-auth:19.2.0] AndroidManifest.xml:36:13-107
62            android:visibleToInstantApps="true" />
62-->[com.google.android.gms:play-services-auth:19.2.0] AndroidManifest.xml:37:13-48
63
64        <activity
64-->[com.google.android.gms:play-services-base:17.5.0] AndroidManifest.xml:23:9-26:75
65            android:name="com.google.android.gms.common.api.GoogleApiActivity"
65-->[com.google.android.gms:play-services-base:17.5.0] AndroidManifest.xml:24:13-79
66            android:exported="false"
66-->[com.google.android.gms:play-services-base:17.5.0] AndroidManifest.xml:25:13-37
67            android:theme="@android:style/Theme.Translucent.NoTitleBar" />
67-->[com.google.android.gms:play-services-base:17.5.0] AndroidManifest.xml:26:13-72
68
69        <meta-data
69-->[com.google.android.gms:play-services-basement:17.5.0] AndroidManifest.xml:23:9-25:69
70            android:name="com.google.android.gms.version"
70-->[com.google.android.gms:play-services-basement:17.5.0] AndroidManifest.xml:24:13-58
71            android:value="@integer/google_play_services_version" />
71-->[com.google.android.gms:play-services-basement:17.5.0] AndroidManifest.xml:25:13-66
72    </application>
73
74</manifest>